<?xml version="1.0" encoding="UTF-8"?>
<!-- Generated by org.testng.reporters.JUnitXMLReporter -->
<testsuite ignored="0" hostname="IBM-GPHPMS3" failures="0" tests="7" name="Default test" time="33.774" errors="0" timestamp="2024-10-24T14:56:33 IST">
  <testcase classname="TestClass.LoginTest" name="Logintestcase_01" time="0.109"/>
  <testcase classname="TestClass.LoginTest" name="Logintestcase_02" time="8.323"/>
  <testcase classname="TestClass.LoginTest" name="logintestcase_03" time="0.431"/>
  <testcase classname="TestClass.LoginTest" name="Logintestcase_04" time="2.374"/>
  <testcase classname="TestClass.LoginTest" name="Logintestcase_05" time="5.081"/>
  <testcase classname="TestClass.LoginTest" name="Logintestcase_06" time="2.198"/>
  <testcase classname="TestClass.LoginTest" name="Logintestcase_07" time="1.518"/>
</testsuite> <!-- Default test -->
