<?xml version="1.0" encoding="UTF-8"?>
<testng-results ignored="0" total="7" passed="7" failed="0" skipped="0">
  <reporter-output>
  </reporter-output>
  <suite started-at="2024-10-24T14:55:59 IST" name="Default suite" finished-at="2024-10-24T14:56:33 IST" duration-ms="33774">
    <groups>
    </groups>
    <test started-at="2024-10-24T14:55:59 IST" name="Default test" finished-at="2024-10-24T14:56:33 IST" duration-ms="33774">
      <class name="TestClass.LoginTest">
        <test-method is-config="true" signature="Setup()[pri:0, instance:TestClass.LoginTest@6aeb35e6]" started-at="2024-10-24T14:55:59 IST" name="Setup" finished-at="2024-10-24T14:56:02 IST" duration-ms="3136" status="PASS">
          <reporter-output>
          </reporter-output>
        </test-method> <!-- Setup -->
        <test-method is-config="true" signature="ExtentReport()[pri:0, instance:TestClass.LoginTest@6aeb35e6]" started-at="2024-10-24T14:56:02 IST" name="ExtentReport" finished-at="2024-10-24T14:56:02 IST" duration-ms="178" status="PASS">
          <reporter-output>
          </reporter-output>
        </test-method> <!-- ExtentReport -->
        <test-method signature="Logintestcase_01()[pri:1, instance:TestClass.LoginTest@6aeb35e6]" started-at="2024-10-24T14:56:02 IST" name="Logintestcase_01" finished-at="2024-10-24T14:56:03 IST" duration-ms="109" status="PASS">
          <reporter-output>
          </reporter-output>
        </test-method> <!-- Logintestcase_01 -->
        <test-method is-config="true" signature="getResult(org.testng.ITestResult)[pri:0, instance:TestClass.LoginTest@6aeb35e6]" started-at="2024-10-24T14:56:03 IST" name="getResult" finished-at="2024-10-24T14:56:03 IST" duration-ms="703" status="PASS">
          <params>
            <param index="0">
              <value>
                <![CDATA[[TestResult name=Logintestcase_01 status=SUCCESS method=LoginTest.Logintestcase_01()[pri:1, instance:TestClass.LoginTest@6aeb35e6] output={null}]]]>
              </value>
            </param>
          </params>
          <reporter-output>
          </reporter-output>
        </test-method> <!-- getResult -->
        <test-method signature="Logintestcase_02()[pri:2, instance:TestClass.LoginTest@6aeb35e6]" started-at="2024-10-24T14:56:03 IST" name="Logintestcase_02" finished-at="2024-10-24T14:56:12 IST" duration-ms="8323" status="PASS">
          <reporter-output>
          </reporter-output>
        </test-method> <!-- Logintestcase_02 -->
        <test-method is-config="true" signature="getResult(org.testng.ITestResult)[pri:0, instance:TestClass.LoginTest@6aeb35e6]" started-at="2024-10-24T14:56:12 IST" name="getResult" finished-at="2024-10-24T14:56:12 IST" duration-ms="296" status="PASS">
          <params>
            <param index="0">
              <value>
                <![CDATA[[TestResult name=Logintestcase_02 status=SUCCESS method=LoginTest.Logintestcase_02()[pri:2, instance:TestClass.LoginTest@6aeb35e6] output={null}]]]>
              </value>
            </param>
          </params>
          <reporter-output>
          </reporter-output>
        </test-method> <!-- getResult -->
        <test-method signature="logintestcase_03()[pri:3, instance:TestClass.LoginTest@6aeb35e6]" started-at="2024-10-24T14:56:12 IST" name="logintestcase_03" finished-at="2024-10-24T14:56:12 IST" duration-ms="431" status="PASS">
          <reporter-output>
          </reporter-output>
        </test-method> <!-- logintestcase_03 -->
        <test-method is-config="true" signature="getResult(org.testng.ITestResult)[pri:0, instance:TestClass.LoginTest@6aeb35e6]" started-at="2024-10-24T14:56:12 IST" name="getResult" finished-at="2024-10-24T14:56:19 IST" duration-ms="6255" status="PASS">
          <params>
            <param index="0">
              <value>
                <![CDATA[[TestResult name=logintestcase_03 status=SUCCESS method=LoginTest.logintestcase_03()[pri:3, instance:TestClass.LoginTest@6aeb35e6] output={null}]]]>
              </value>
            </param>
          </params>
          <reporter-output>
          </reporter-output>
        </test-method> <!-- getResult -->
        <test-method signature="Logintestcase_04()[pri:4, instance:TestClass.LoginTest@6aeb35e6]" started-at="2024-10-24T14:56:19 IST" name="Logintestcase_04" finished-at="2024-10-24T14:56:21 IST" duration-ms="2374" status="PASS">
          <reporter-output>
          </reporter-output>
        </test-method> <!-- Logintestcase_04 -->
        <test-method is-config="true" signature="getResult(org.testng.ITestResult)[pri:0, instance:TestClass.LoginTest@6aeb35e6]" started-at="2024-10-24T14:56:21 IST" name="getResult" finished-at="2024-10-24T14:56:21 IST" duration-ms="485" status="PASS">
          <params>
            <param index="0">
              <value>
                <![CDATA[[TestResult name=Logintestcase_04 status=SUCCESS method=LoginTest.Logintestcase_04()[pri:4, instance:TestClass.LoginTest@6aeb35e6] output={null}]]]>
              </value>
            </param>
          </params>
          <reporter-output>
          </reporter-output>
        </test-method> <!-- getResult -->
        <test-method signature="Logintestcase_05()[pri:5, instance:TestClass.LoginTest@6aeb35e6]" started-at="2024-10-24T14:56:21 IST" name="Logintestcase_05" finished-at="2024-10-24T14:56:26 IST" duration-ms="5081" status="PASS">
          <reporter-output>
          </reporter-output>
        </test-method> <!-- Logintestcase_05 -->
        <test-method is-config="true" signature="getResult(org.testng.ITestResult)[pri:0, instance:TestClass.LoginTest@6aeb35e6]" started-at="2024-10-24T14:56:26 IST" name="getResult" finished-at="2024-10-24T14:56:27 IST" duration-ms="282" status="PASS">
          <params>
            <param index="0">
              <value>
                <![CDATA[[TestResult name=Logintestcase_05 status=SUCCESS method=LoginTest.Logintestcase_05()[pri:5, instance:TestClass.LoginTest@6aeb35e6] output={null}]]]>
              </value>
            </param>
          </params>
          <reporter-output>
          </reporter-output>
        </test-method> <!-- getResult -->
        <test-method signature="Logintestcase_06()[pri:6, instance:TestClass.LoginTest@6aeb35e6]" started-at="2024-10-24T14:56:27 IST" name="Logintestcase_06" finished-at="2024-10-24T14:56:29 IST" duration-ms="2198" status="PASS">
          <reporter-output>
          </reporter-output>
        </test-method> <!-- Logintestcase_06 -->
        <test-method is-config="true" signature="getResult(org.testng.ITestResult)[pri:0, instance:TestClass.LoginTest@6aeb35e6]" started-at="2024-10-24T14:56:29 IST" name="getResult" finished-at="2024-10-24T14:56:29 IST" duration-ms="284" status="PASS">
          <params>
            <param index="0">
              <value>
                <![CDATA[[TestResult name=Logintestcase_06 status=SUCCESS method=LoginTest.Logintestcase_06()[pri:6, instance:TestClass.LoginTest@6aeb35e6] output={null}]]]>
              </value>
            </param>
          </params>
          <reporter-output>
          </reporter-output>
        </test-method> <!-- getResult -->
        <test-method signature="Logintestcase_07()[pri:7, instance:TestClass.LoginTest@6aeb35e6]" started-at="2024-10-24T14:56:29 IST" name="Logintestcase_07" finished-at="2024-10-24T14:56:31 IST" duration-ms="1518" status="PASS">
          <reporter-output>
          </reporter-output>
        </test-method> <!-- Logintestcase_07 -->
        <test-method is-config="true" signature="getResult(org.testng.ITestResult)[pri:0, instance:TestClass.LoginTest@6aeb35e6]" started-at="2024-10-24T14:56:31 IST" name="getResult" finished-at="2024-10-24T14:56:31 IST" duration-ms="268" status="PASS">
          <params>
            <param index="0">
              <value>
                <![CDATA[[TestResult name=Logintestcase_07 status=SUCCESS method=LoginTest.Logintestcase_07()[pri:7, instance:TestClass.LoginTest@6aeb35e6] output={null}]]]>
              </value>
            </param>
          </params>
          <reporter-output>
          </reporter-output>
        </test-method> <!-- getResult -->
        <test-method is-config="true" signature="TearDown()[pri:0, instance:TestClass.LoginTest@6aeb35e6]" started-at="2024-10-24T14:56:31 IST" name="TearDown" finished-at="2024-10-24T14:56:33 IST" duration-ms="1795" status="PASS">
          <reporter-output>
          </reporter-output>
        </test-method> <!-- TearDown -->
      </class> <!-- TestClass.LoginTest -->
    </test> <!-- Default test -->
  </suite> <!-- Default suite -->
</testng-results>
